<?xml version="1.0" encoding="UTF-8"?>
<testsuite name="simplest.possible.implementation.PrimeFactorsTest" tests="1" skipped="0" failures="0" errors="0" timestamp="2021-01-04T06:57:00" hostname="Js-MacBook-Pro.local" time="0.021">
  <properties/>
  <testcase name="thereAreNoPrimeFactorsFor1()" classname="simplest.possible.implementation.PrimeFactorsTest" time="0.021"/>
  <system-out><![CDATA[]]></system-out>
  <system-err><![CDATA[]]></system-err>
</testsuite>
